build/app/intermediates/manifest_merge_blame_file/debug/manifest-merger-blame-debug-report.txt
1<?xml version="1.0" encoding="utf-8"?>
2<manifest xmlns:android="http://schemas.android.com/apk/res/android"
3    package="com.example.flutter_midtrans_example"
4    android:versionCode="1"
5    android:versionName="1.0.0" >
6
7    <uses-sdk
8        android:minSdkVersion="21"
9        android:targetSdkVersion="33" />
10    <!--
11         The INTERNET permission is required for development. Specifically,
12         the Flutter tool needs it to communicate with the running application
13         to allow setting breakpoints, to provide hot reload, etc.
14    -->
15    <uses-permission android:name="android.permission.INTERNET" />
15-->src/main/AndroidManifest.xml:4:5-66
15-->src/main/AndroidManifest.xml:4:22-64
16    <uses-permission android:name="android.permission.ACCESS_NETWORK_STATE" />
16-->[com.midtrans:uikit:1.30.1-SANDBOX] AndroidManifest.xml:13:5-79
16-->[com.midtrans:uikit:1.30.1-SANDBOX] AndroidManifest.xml:13:22-76
17    <uses-permission android:name="android.permission.READ_PHONE_STATE" />
17-->[com.midtrans:uikit:1.30.1-SANDBOX] AndroidManifest.xml:14:5-75
17-->[com.midtrans:uikit:1.30.1-SANDBOX] AndroidManifest.xml:14:22-72
18
19    <queries>
19-->[com.midtrans:uikit:1.30.1-SANDBOX] AndroidManifest.xml:16:5-18:15
20        <package android:name="com.gojek.app" />
20-->[com.midtrans:uikit:1.30.1-SANDBOX] AndroidManifest.xml:17:9-49
20-->[com.midtrans:uikit:1.30.1-SANDBOX] AndroidManifest.xml:17:18-46
21    </queries>
22
23    <uses-permission android:name="android.permission.CAMERA" /> <!-- Don't require camera, as this requires a rear camera. This allows it to work on the Nexus 7 -->
23-->[com.journeyapps:zxing-android-embedded:3.5.0] AndroidManifest.xml:21:5-65
23-->[com.journeyapps:zxing-android-embedded:3.5.0] AndroidManifest.xml:21:22-62
24    <uses-feature
24-->[com.journeyapps:zxing-android-embedded:3.5.0] AndroidManifest.xml:24:5-26:36
25        android:name="android.hardware.camera"
25-->[com.journeyapps:zxing-android-embedded:3.5.0] AndroidManifest.xml:25:9-47
26        android:required="false" />
26-->[com.journeyapps:zxing-android-embedded:3.5.0] AndroidManifest.xml:26:9-33
27    <uses-feature
27-->[com.journeyapps:zxing-android-embedded:3.5.0] AndroidManifest.xml:27:5-29:36
28        android:name="android.hardware.camera.front"
28-->[com.journeyapps:zxing-android-embedded:3.5.0] AndroidManifest.xml:28:9-53
29        android:required="false" /> <!-- TODO replace above two with next line after Android 4.2 -->
29-->[com.journeyapps:zxing-android-embedded:3.5.0] AndroidManifest.xml:29:9-33
30    <!-- <uses-feature android:name="android.hardware.camera.any"/> -->
31    <uses-feature
31-->[com.journeyapps:zxing-android-embedded:3.5.0] AndroidManifest.xml:32:5-34:36
32        android:name="android.hardware.camera.autofocus"
32-->[com.journeyapps:zxing-android-embedded:3.5.0] AndroidManifest.xml:33:9-57
33        android:required="false" />
33-->[com.journeyapps:zxing-android-embedded:3.5.0] AndroidManifest.xml:34:9-33
34    <uses-feature
34-->[com.journeyapps:zxing-android-embedded:3.5.0] AndroidManifest.xml:35:5-37:36
35        android:name="android.hardware.camera.flash"
35-->[com.journeyapps:zxing-android-embedded:3.5.0] AndroidManifest.xml:36:9-53
36        android:required="false" />
36-->[com.journeyapps:zxing-android-embedded:3.5.0] AndroidManifest.xml:37:9-33
37    <uses-feature
37-->[com.journeyapps:zxing-android-embedded:3.5.0] AndroidManifest.xml:38:5-40:36
38        android:name="android.hardware.screen.landscape"
38-->[com.journeyapps:zxing-android-embedded:3.5.0] AndroidManifest.xml:39:9-57
39        android:required="false" />
39-->[com.journeyapps:zxing-android-embedded:3.5.0] AndroidManifest.xml:40:9-33
40    <uses-feature
40-->[com.journeyapps:zxing-android-embedded:3.5.0] AndroidManifest.xml:41:5-43:36
41        android:name="android.hardware.wifi"
41-->[com.journeyapps:zxing-android-embedded:3.5.0] AndroidManifest.xml:42:9-45
42        android:required="false" />
42-->[com.journeyapps:zxing-android-embedded:3.5.0] AndroidManifest.xml:43:9-33
43
44    <application
45        android:name="android.app.Application"
46        android:allowBackup="false"
46-->[com.midtrans:uikit:1.30.1-SANDBOX] AndroidManifest.xml:21:9-36
47        android:appComponentFactory="androidx.core.app.CoreComponentFactory"
47-->[androidx.core:core:1.6.0] AndroidManifest.xml:24:18-86
48        android:debuggable="true"
49        android:icon="@mipmap/ic_launcher"
50        android:label="@string/app_name"
51        android:supportsRtl="true"
51-->[com.github.rambler-digital-solutions:swipe-layout-android:1.0.17] AndroidManifest.xml:13:9-35
52        android:theme="@style/AppTheme"
53        android:usesCleartextTraffic="false" >
53-->[com.midtrans:uikit:1.30.1-SANDBOX] AndroidManifest.xml:22:9-45
54        <activity
55            android:name="com.example.flutter_midtrans_example.MainActivity"
56            android:configChanges="orientation|keyboardHidden|keyboard|screenSize|smallestScreenSize|locale|layoutDirection|fontScale|screenLayout|density|uiMode"
57            android:exported="true"
58            android:hardwareAccelerated="true"
59            android:launchMode="singleTop"
60            android:theme="@style/LaunchTheme"
61            android:windowSoftInputMode="adjustResize" >
62
63            <!--
64                 Specifies an Android theme to apply to this Activity as soon as
65                 the Android process has started. This theme is visible to the user
66                 while the Flutter UI initializes. After that, this theme continues
67                 to determine the Window background behind the Flutter UI.
68            -->
69            <meta-data
70                android:name="io.flutter.embedding.android.NormalTheme"
71                android:resource="@style/NormalTheme" />
72
73            <intent-filter>
74                <action android:name="android.intent.action.MAIN" />
75
76                <category android:name="android.intent.category.LAUNCHER" />
77            </intent-filter>
78        </activity>
79        <!--
80             Don't delete the meta-data below.
81             This is used by the Flutter tool to generate GeneratedPluginRegistrant.java
82        -->
83        <meta-data
84            android:name="flutterEmbedding"
85            android:value="2" />
86
87        <activity
87-->[com.midtrans:uikit:1.30.1-SANDBOX] AndroidManifest.xml:24:9-27:67
88            android:name="com.midtrans.sdk.uikit.activities.UserDetailsActivity"
88-->[com.midtrans:uikit:1.30.1-SANDBOX] AndroidManifest.xml:25:13-81
89            android:screenOrientation="portrait"
89-->[com.midtrans:uikit:1.30.1-SANDBOX] AndroidManifest.xml:26:13-49
90            android:windowSoftInputMode="stateHidden|adjustPan" />
90-->[com.midtrans:uikit:1.30.1-SANDBOX] AndroidManifest.xml:27:13-64
91        <activity
91-->[com.midtrans:uikit:1.30.1-SANDBOX] AndroidManifest.xml:28:9-31:52
92            android:name="com.midtrans.sdk.uikit.activities.PaymentMethodsActivity"
92-->[com.midtrans:uikit:1.30.1-SANDBOX] AndroidManifest.xml:29:13-84
93            android:configChanges="keyboardHidden|orientation|screenSize"
93-->[com.midtrans:uikit:1.30.1-SANDBOX] AndroidManifest.xml:30:13-74
94            android:screenOrientation="portrait" />
94-->[com.midtrans:uikit:1.30.1-SANDBOX] AndroidManifest.xml:31:13-49
95        <activity
95-->[com.midtrans:uikit:1.30.1-SANDBOX] AndroidManifest.xml:32:9-36:67
96            android:name="com.midtrans.sdk.uikit.views.mandiri_clickpay.MandiriClickPayActivity"
96-->[com.midtrans:uikit:1.30.1-SANDBOX] AndroidManifest.xml:33:13-97
97            android:configChanges="keyboardHidden|orientation|screenSize"
97-->[com.midtrans:uikit:1.30.1-SANDBOX] AndroidManifest.xml:34:13-74
98            android:screenOrientation="portrait"
98-->[com.midtrans:uikit:1.30.1-SANDBOX] AndroidManifest.xml:35:13-49
99            android:windowSoftInputMode="stateHidden|adjustPan" />
99-->[com.midtrans:uikit:1.30.1-SANDBOX] AndroidManifest.xml:36:13-64
100        <activity
100-->[com.midtrans:uikit:1.30.1-SANDBOX] AndroidManifest.xml:37:9-40:52
101            android:name="com.midtrans.sdk.uikit.views.bri_epay.BriEpayPaymentActivity"
101-->[com.midtrans:uikit:1.30.1-SANDBOX] AndroidManifest.xml:38:13-88
102            android:configChanges="keyboardHidden|orientation|screenSize"
102-->[com.midtrans:uikit:1.30.1-SANDBOX] AndroidManifest.xml:39:13-74
103            android:screenOrientation="portrait" />
103-->[com.midtrans:uikit:1.30.1-SANDBOX] AndroidManifest.xml:40:13-49
104        <activity
104-->[com.midtrans:uikit:1.30.1-SANDBOX] AndroidManifest.xml:41:9-44:52
105            android:name="com.midtrans.sdk.uikit.views.cimb_click.CimbClickPaymentActivity"
105-->[com.midtrans:uikit:1.30.1-SANDBOX] AndroidManifest.xml:42:13-92
106            android:configChanges="keyboardHidden|orientation|screenSize"
106-->[com.midtrans:uikit:1.30.1-SANDBOX] AndroidManifest.xml:43:13-74
107            android:screenOrientation="portrait" />
107-->[com.midtrans:uikit:1.30.1-SANDBOX] AndroidManifest.xml:44:13-49
108        <activity
108-->[com.midtrans:uikit:1.30.1-SANDBOX] AndroidManifest.xml:45:9-48:52
109            android:name="com.midtrans.sdk.uikit.views.mandiri_ecash.MandiriEcashPaymentActivity"
109-->[com.midtrans:uikit:1.30.1-SANDBOX] AndroidManifest.xml:46:13-98
110            android:configChanges="keyboardHidden|orientation|screenSize"
110-->[com.midtrans:uikit:1.30.1-SANDBOX] AndroidManifest.xml:47:13-74
111            android:screenOrientation="portrait" />
111-->[com.midtrans:uikit:1.30.1-SANDBOX] AndroidManifest.xml:48:13-49
112        <activity
112-->[com.midtrans:uikit:1.30.1-SANDBOX] AndroidManifest.xml:49:9-53:67
113            android:name="com.midtrans.sdk.uikit.views.indosat_dompetku.IndosatDompetkuPaymentActivity"
113-->[com.midtrans:uikit:1.30.1-SANDBOX] AndroidManifest.xml:50:13-104
114            android:configChanges="keyboardHidden|orientation|screenSize"
114-->[com.midtrans:uikit:1.30.1-SANDBOX] AndroidManifest.xml:51:13-74
115            android:screenOrientation="portrait"
115-->[com.midtrans:uikit:1.30.1-SANDBOX] AndroidManifest.xml:52:13-49
116            android:windowSoftInputMode="stateHidden|adjustPan" />
116-->[com.midtrans:uikit:1.30.1-SANDBOX] AndroidManifest.xml:53:13-64
117        <activity
117-->[com.midtrans:uikit:1.30.1-SANDBOX] AndroidManifest.xml:54:9-57:52
118            android:name="com.midtrans.sdk.uikit.views.indomaret.payment.IndomaretPaymentActivity"
118-->[com.midtrans:uikit:1.30.1-SANDBOX] AndroidManifest.xml:55:13-99
119            android:configChanges="keyboardHidden|orientation|screenSize"
119-->[com.midtrans:uikit:1.30.1-SANDBOX] AndroidManifest.xml:56:13-74
120            android:screenOrientation="portrait" />
120-->[com.midtrans:uikit:1.30.1-SANDBOX] AndroidManifest.xml:57:13-49
121        <activity
121-->[com.midtrans:uikit:1.30.1-SANDBOX] AndroidManifest.xml:58:9-61:52
122            android:name="com.midtrans.sdk.uikit.views.indomaret.status.IndomaretStatusActivity"
122-->[com.midtrans:uikit:1.30.1-SANDBOX] AndroidManifest.xml:59:13-97
123            android:configChanges="keyboardHidden|orientation|screenSize"
123-->[com.midtrans:uikit:1.30.1-SANDBOX] AndroidManifest.xml:60:13-74
124            android:screenOrientation="portrait" />
124-->[com.midtrans:uikit:1.30.1-SANDBOX] AndroidManifest.xml:61:13-49
125        <activity
125-->[com.midtrans:uikit:1.30.1-SANDBOX] AndroidManifest.xml:62:9-66:67
126            android:name="com.midtrans.sdk.uikit.views.telkomsel_cash.TelkomselCashPaymentActivity"
126-->[com.midtrans:uikit:1.30.1-SANDBOX] AndroidManifest.xml:63:13-100
127            android:configChanges="keyboardHidden|orientation|screenSize"
127-->[com.midtrans:uikit:1.30.1-SANDBOX] AndroidManifest.xml:64:13-74
128            android:screenOrientation="portrait"
128-->[com.midtrans:uikit:1.30.1-SANDBOX] AndroidManifest.xml:65:13-49
129            android:windowSoftInputMode="stateHidden|adjustPan" />
129-->[com.midtrans:uikit:1.30.1-SANDBOX] AndroidManifest.xml:66:13-64
130        <activity
130-->[com.midtrans:uikit:1.30.1-SANDBOX] AndroidManifest.xml:67:9-70:52
131            android:name="com.midtrans.sdk.uikit.views.xl_tunai.payment.XlTunaiPaymentActivity"
131-->[com.midtrans:uikit:1.30.1-SANDBOX] AndroidManifest.xml:68:13-96
132            android:configChanges="keyboardHidden|orientation|screenSize"
132-->[com.midtrans:uikit:1.30.1-SANDBOX] AndroidManifest.xml:69:13-74
133            android:screenOrientation="portrait" />
133-->[com.midtrans:uikit:1.30.1-SANDBOX] AndroidManifest.xml:70:13-49
134        <activity
134-->[com.midtrans:uikit:1.30.1-SANDBOX] AndroidManifest.xml:71:9-74:52
135            android:name="com.midtrans.sdk.uikit.views.xl_tunai.status.XlTunaiStatusActivity"
135-->[com.midtrans:uikit:1.30.1-SANDBOX] AndroidManifest.xml:72:13-94
136            android:configChanges="keyboardHidden|orientation|screenSize"
136-->[com.midtrans:uikit:1.30.1-SANDBOX] AndroidManifest.xml:73:13-74
137            android:screenOrientation="portrait" />
137-->[com.midtrans:uikit:1.30.1-SANDBOX] AndroidManifest.xml:74:13-49
138        <activity
138-->[com.midtrans:uikit:1.30.1-SANDBOX] AndroidManifest.xml:75:9-78:52
139            android:name="com.midtrans.sdk.uikit.views.xl_tunai.XlTunaiInstructionActivity"
139-->[com.midtrans:uikit:1.30.1-SANDBOX] AndroidManifest.xml:76:13-92
140            android:configChanges="keyboardHidden|orientation|screenSize"
140-->[com.midtrans:uikit:1.30.1-SANDBOX] AndroidManifest.xml:77:13-74
141            android:screenOrientation="portrait" />
141-->[com.midtrans:uikit:1.30.1-SANDBOX] AndroidManifest.xml:78:13-49
142        <activity
142-->[com.midtrans:uikit:1.30.1-SANDBOX] AndroidManifest.xml:79:9-82:52
143            android:name="com.midtrans.sdk.uikit.views.kioson.payment.KiosonPaymentActivity"
143-->[com.midtrans:uikit:1.30.1-SANDBOX] AndroidManifest.xml:80:13-93
144            android:configChanges="keyboardHidden|orientation|screenSize"
144-->[com.midtrans:uikit:1.30.1-SANDBOX] AndroidManifest.xml:81:13-74
145            android:screenOrientation="portrait" />
145-->[com.midtrans:uikit:1.30.1-SANDBOX] AndroidManifest.xml:82:13-49
146        <activity
146-->[com.midtrans:uikit:1.30.1-SANDBOX] AndroidManifest.xml:83:9-86:52
147            android:name="com.midtrans.sdk.uikit.views.kioson.status.KiosonStatusActivity"
147-->[com.midtrans:uikit:1.30.1-SANDBOX] AndroidManifest.xml:84:13-91
148            android:configChanges="keyboardHidden|orientation|screenSize"
148-->[com.midtrans:uikit:1.30.1-SANDBOX] AndroidManifest.xml:85:13-74
149            android:screenOrientation="portrait" />
149-->[com.midtrans:uikit:1.30.1-SANDBOX] AndroidManifest.xml:86:13-49
150        <activity
150-->[com.midtrans:uikit:1.30.1-SANDBOX] AndroidManifest.xml:87:9-91:67
151            android:name="com.midtrans.sdk.uikit.views.gci.GciPaymentActivity"
151-->[com.midtrans:uikit:1.30.1-SANDBOX] AndroidManifest.xml:88:13-79
152            android:configChanges="keyboardHidden|orientation|screenSize"
152-->[com.midtrans:uikit:1.30.1-SANDBOX] AndroidManifest.xml:89:13-74
153            android:screenOrientation="portrait"
153-->[com.midtrans:uikit:1.30.1-SANDBOX] AndroidManifest.xml:90:13-49
154            android:windowSoftInputMode="stateHidden|adjustPan" />
154-->[com.midtrans:uikit:1.30.1-SANDBOX] AndroidManifest.xml:91:13-64
155        <activity
155-->[com.midtrans:uikit:1.30.1-SANDBOX] AndroidManifest.xml:92:9-96:67
156            android:name="com.midtrans.sdk.uikit.views.creditcard.details.CreditCardDetailsActivity"
156-->[com.midtrans:uikit:1.30.1-SANDBOX] AndroidManifest.xml:93:13-101
157            android:configChanges="keyboardHidden|orientation|screenSize"
157-->[com.midtrans:uikit:1.30.1-SANDBOX] AndroidManifest.xml:94:13-74
158            android:screenOrientation="portrait"
158-->[com.midtrans:uikit:1.30.1-SANDBOX] AndroidManifest.xml:95:13-49
159            android:windowSoftInputMode="stateHidden|adjustPan" />
159-->[com.midtrans:uikit:1.30.1-SANDBOX] AndroidManifest.xml:96:13-64
160        <activity
160-->[com.midtrans:uikit:1.30.1-SANDBOX] AndroidManifest.xml:97:9-100:52
161            android:name="com.midtrans.sdk.uikit.views.status.PaymentStatusActivity"
161-->[com.midtrans:uikit:1.30.1-SANDBOX] AndroidManifest.xml:98:13-85
162            android:configChanges="keyboardHidden|orientation|screenSize"
162-->[com.midtrans:uikit:1.30.1-SANDBOX] AndroidManifest.xml:99:13-74
163            android:screenOrientation="portrait" />
163-->[com.midtrans:uikit:1.30.1-SANDBOX] AndroidManifest.xml:100:13-49
164        <activity
164-->[com.midtrans:uikit:1.30.1-SANDBOX] AndroidManifest.xml:101:9-104:52
165            android:name="com.midtrans.sdk.uikit.views.creditcard.saved.SavedCreditCardActivity"
165-->[com.midtrans:uikit:1.30.1-SANDBOX] AndroidManifest.xml:102:13-97
166            android:configChanges="keyboardHidden|orientation|screenSize"
166-->[com.midtrans:uikit:1.30.1-SANDBOX] AndroidManifest.xml:103:13-74
167            android:screenOrientation="portrait" />
167-->[com.midtrans:uikit:1.30.1-SANDBOX] AndroidManifest.xml:104:13-49
168        <activity
168-->[com.midtrans:uikit:1.30.1-SANDBOX] AndroidManifest.xml:105:9-109:76
169            android:name="com.midtrans.sdk.uikit.views.creditcard.bankpoints.BankPointsActivity"
169-->[com.midtrans:uikit:1.30.1-SANDBOX] AndroidManifest.xml:106:13-97
170            android:configChanges="keyboardHidden|orientation|screenSize"
170-->[com.midtrans:uikit:1.30.1-SANDBOX] AndroidManifest.xml:107:13-74
171            android:screenOrientation="portrait"
171-->[com.midtrans:uikit:1.30.1-SANDBOX] AndroidManifest.xml:108:13-49
172            android:windowSoftInputMode="stateAlwaysHidden|adjustResize" />
172-->[com.midtrans:uikit:1.30.1-SANDBOX] AndroidManifest.xml:109:13-73
173        <activity
173-->[com.midtrans:uikit:1.30.1-SANDBOX] AndroidManifest.xml:110:9-113:52
174            android:name="com.midtrans.sdk.uikit.views.banktransfer.list.BankTransferListActivity"
174-->[com.midtrans:uikit:1.30.1-SANDBOX] AndroidManifest.xml:111:13-99
175            android:configChanges="keyboardHidden|orientation|screenSize"
175-->[com.midtrans:uikit:1.30.1-SANDBOX] AndroidManifest.xml:112:13-74
176            android:screenOrientation="portrait" />
176-->[com.midtrans:uikit:1.30.1-SANDBOX] AndroidManifest.xml:113:13-49
177        <activity
177-->[com.midtrans:uikit:1.30.1-SANDBOX] AndroidManifest.xml:114:9-118:67
178            android:name="com.midtrans.sdk.uikit.views.banktransfer.payment.BankTransferPaymentActivity"
178-->[com.midtrans:uikit:1.30.1-SANDBOX] AndroidManifest.xml:115:13-105
179            android:configChanges="keyboardHidden|orientation|screenSize"
179-->[com.midtrans:uikit:1.30.1-SANDBOX] AndroidManifest.xml:116:13-74
180            android:screenOrientation="portrait"
180-->[com.midtrans:uikit:1.30.1-SANDBOX] AndroidManifest.xml:117:13-49
181            android:windowSoftInputMode="stateHidden|adjustPan" />
181-->[com.midtrans:uikit:1.30.1-SANDBOX] AndroidManifest.xml:118:13-64
182        <activity
182-->[com.midtrans:uikit:1.30.1-SANDBOX] AndroidManifest.xml:119:9-122:52
183            android:name="com.midtrans.sdk.uikit.views.banktransfer.status.VaPaymentStatusActivity"
183-->[com.midtrans:uikit:1.30.1-SANDBOX] AndroidManifest.xml:120:13-100
184            android:configChanges="keyboardHidden|orientation|screenSize"
184-->[com.midtrans:uikit:1.30.1-SANDBOX] AndroidManifest.xml:121:13-74
185            android:screenOrientation="portrait" />
185-->[com.midtrans:uikit:1.30.1-SANDBOX] AndroidManifest.xml:122:13-49
186        <activity
186-->[com.midtrans:uikit:1.30.1-SANDBOX] AndroidManifest.xml:123:9-126:52
187            android:name="com.midtrans.sdk.uikit.views.banktransfer.status.VaOtherBankPaymentStatusActivity"
187-->[com.midtrans:uikit:1.30.1-SANDBOX] AndroidManifest.xml:124:13-109
188            android:configChanges="keyboardHidden|orientation|screenSize"
188-->[com.midtrans:uikit:1.30.1-SANDBOX] AndroidManifest.xml:125:13-74
189            android:screenOrientation="portrait" />
189-->[com.midtrans:uikit:1.30.1-SANDBOX] AndroidManifest.xml:126:13-49
190        <activity
190-->[com.midtrans:uikit:1.30.1-SANDBOX] AndroidManifest.xml:127:9-130:52
191            android:name="com.midtrans.sdk.uikit.views.banktransfer.status.MandiriBillStatusActivity"
191-->[com.midtrans:uikit:1.30.1-SANDBOX] AndroidManifest.xml:128:13-102
192            android:configChanges="keyboardHidden|orientation|screenSize"
192-->[com.midtrans:uikit:1.30.1-SANDBOX] AndroidManifest.xml:129:13-74
193            android:screenOrientation="portrait" />
193-->[com.midtrans:uikit:1.30.1-SANDBOX] AndroidManifest.xml:130:13-49
194        <activity
194-->[com.midtrans:uikit:1.30.1-SANDBOX] AndroidManifest.xml:131:9-135:67
195            android:name="com.midtrans.sdk.uikit.views.creditcard.register.CardRegistrationActivity"
195-->[com.midtrans:uikit:1.30.1-SANDBOX] AndroidManifest.xml:132:13-101
196            android:configChanges="keyboardHidden|orientation|screenSize"
196-->[com.midtrans:uikit:1.30.1-SANDBOX] AndroidManifest.xml:133:13-74
197            android:screenOrientation="portrait"
197-->[com.midtrans:uikit:1.30.1-SANDBOX] AndroidManifest.xml:134:13-49
198            android:windowSoftInputMode="stateHidden|adjustPan" />
198-->[com.midtrans:uikit:1.30.1-SANDBOX] AndroidManifest.xml:135:13-64
199        <activity
199-->[com.midtrans:uikit:1.30.1-SANDBOX] AndroidManifest.xml:136:9-139:52
200            android:name="com.midtrans.sdk.uikit.views.gopay.payment.GoPayPaymentActivity"
200-->[com.midtrans:uikit:1.30.1-SANDBOX] AndroidManifest.xml:137:13-91
201            android:configChanges="keyboardHidden|orientation|screenSize"
201-->[com.midtrans:uikit:1.30.1-SANDBOX] AndroidManifest.xml:138:13-74
202            android:screenOrientation="portrait" />
202-->[com.midtrans:uikit:1.30.1-SANDBOX] AndroidManifest.xml:139:13-49
203        <activity
203-->[com.midtrans:uikit:1.30.1-SANDBOX] AndroidManifest.xml:140:9-143:52
204            android:name="com.midtrans.sdk.uikit.views.shopeepay.payment.ShopeePayPaymentActivity"
204-->[com.midtrans:uikit:1.30.1-SANDBOX] AndroidManifest.xml:141:13-99
205            android:configChanges="keyboardHidden|orientation|screenSize"
205-->[com.midtrans:uikit:1.30.1-SANDBOX] AndroidManifest.xml:142:13-74
206            android:screenOrientation="portrait" />
206-->[com.midtrans:uikit:1.30.1-SANDBOX] AndroidManifest.xml:143:13-49
207        <activity
207-->[com.midtrans:uikit:1.30.1-SANDBOX] AndroidManifest.xml:144:9-147:52
208            android:name="com.midtrans.sdk.uikit.views.gopay.status.GoPayStatusActivity"
208-->[com.midtrans:uikit:1.30.1-SANDBOX] AndroidManifest.xml:145:13-89
209            android:configChanges="keyboardHidden|orientation|screenSize"
209-->[com.midtrans:uikit:1.30.1-SANDBOX] AndroidManifest.xml:146:13-74
210            android:screenOrientation="portrait" />
210-->[com.midtrans:uikit:1.30.1-SANDBOX] AndroidManifest.xml:147:13-49
211        <activity
211-->[com.midtrans:uikit:1.30.1-SANDBOX] AndroidManifest.xml:148:9-151:52
212            android:name="com.midtrans.sdk.uikit.views.shopeepay.status.ShopeePayStatusActivity"
212-->[com.midtrans:uikit:1.30.1-SANDBOX] AndroidManifest.xml:149:13-97
213            android:configChanges="keyboardHidden|orientation|screenSize"
213-->[com.midtrans:uikit:1.30.1-SANDBOX] AndroidManifest.xml:150:13-74
214            android:screenOrientation="portrait" />
214-->[com.midtrans:uikit:1.30.1-SANDBOX] AndroidManifest.xml:151:13-49
215        <activity
215-->[com.midtrans:uikit:1.30.1-SANDBOX] AndroidManifest.xml:152:9-155:52
216            android:name="com.midtrans.sdk.uikit.views.danamon_online.DanamonOnlineActivity"
216-->[com.midtrans:uikit:1.30.1-SANDBOX] AndroidManifest.xml:153:13-93
217            android:configChanges="keyboardHidden|orientation|screenSize"
217-->[com.midtrans:uikit:1.30.1-SANDBOX] AndroidManifest.xml:154:13-74
218            android:screenOrientation="portrait" />
218-->[com.midtrans:uikit:1.30.1-SANDBOX] AndroidManifest.xml:155:13-49
219        <activity
219-->[com.midtrans:uikit:1.30.1-SANDBOX] AndroidManifest.xml:156:9-160:67
220            android:name="com.midtrans.sdk.uikit.views.bca_klikbca.payment.KlikBcaPaymentActivity"
220-->[com.midtrans:uikit:1.30.1-SANDBOX] AndroidManifest.xml:157:13-99
221            android:configChanges="keyboardHidden|orientation|screenSize"
221-->[com.midtrans:uikit:1.30.1-SANDBOX] AndroidManifest.xml:158:13-74
222            android:screenOrientation="portrait"
222-->[com.midtrans:uikit:1.30.1-SANDBOX] AndroidManifest.xml:159:13-49
223            android:windowSoftInputMode="stateHidden|adjustPan" />
223-->[com.midtrans:uikit:1.30.1-SANDBOX] AndroidManifest.xml:160:13-64
224        <activity
224-->[com.midtrans:uikit:1.30.1-SANDBOX] AndroidManifest.xml:161:9-164:52
225            android:name="com.midtrans.sdk.uikit.views.bca_klikbca.status.KlikBcaStatusActivity"
225-->[com.midtrans:uikit:1.30.1-SANDBOX] AndroidManifest.xml:162:13-97
226            android:configChanges="keyboardHidden|orientation|screenSize"
226-->[com.midtrans:uikit:1.30.1-SANDBOX] AndroidManifest.xml:163:13-74
227            android:screenOrientation="portrait" />
227-->[com.midtrans:uikit:1.30.1-SANDBOX] AndroidManifest.xml:164:13-49
228        <activity
228-->[com.midtrans:uikit:1.30.1-SANDBOX] AndroidManifest.xml:165:9-168:52
229            android:name="com.midtrans.sdk.uikit.views.bca_klikpay.BcaKlikPayPaymentActivity"
229-->[com.midtrans:uikit:1.30.1-SANDBOX] AndroidManifest.xml:166:13-94
230            android:configChanges="keyboardHidden|orientation|screenSize"
230-->[com.midtrans:uikit:1.30.1-SANDBOX] AndroidManifest.xml:167:13-74
231            android:screenOrientation="portrait" />
231-->[com.midtrans:uikit:1.30.1-SANDBOX] AndroidManifest.xml:168:13-49
232        <activity
232-->[com.midtrans:uikit:1.30.1-SANDBOX] AndroidManifest.xml:169:9-172:52
233            android:name="com.midtrans.sdk.uikit.views.alfamart.payment.AlfamartPaymentActivity"
233-->[com.midtrans:uikit:1.30.1-SANDBOX] AndroidManifest.xml:170:13-97
234            android:configChanges="keyboardHidden|orientation|screenSize"
234-->[com.midtrans:uikit:1.30.1-SANDBOX] AndroidManifest.xml:171:13-74
235            android:screenOrientation="portrait" />
235-->[com.midtrans:uikit:1.30.1-SANDBOX] AndroidManifest.xml:172:13-49
236        <activity
236-->[com.midtrans:uikit:1.30.1-SANDBOX] AndroidManifest.xml:173:9-176:52
237            android:name="com.midtrans.sdk.uikit.views.alfamart.status.AlfamartStatusActivity"
237-->[com.midtrans:uikit:1.30.1-SANDBOX] AndroidManifest.xml:174:13-95
238            android:configChanges="keyboardHidden|orientation|screenSize"
238-->[com.midtrans:uikit:1.30.1-SANDBOX] AndroidManifest.xml:175:13-74
239            android:screenOrientation="portrait" />
239-->[com.midtrans:uikit:1.30.1-SANDBOX] AndroidManifest.xml:176:13-49
240        <activity
240-->[com.midtrans:uikit:1.30.1-SANDBOX] AndroidManifest.xml:177:9-180:52
241            android:name="com.midtrans.sdk.uikit.views.webview.WebViewPaymentActivity"
241-->[com.midtrans:uikit:1.30.1-SANDBOX] AndroidManifest.xml:178:13-87
242            android:configChanges="keyboardHidden|orientation|screenSize"
242-->[com.midtrans:uikit:1.30.1-SANDBOX] AndroidManifest.xml:179:13-74
243            android:screenOrientation="portrait" />
243-->[com.midtrans:uikit:1.30.1-SANDBOX] AndroidManifest.xml:180:13-49
244        <activity
244-->[com.midtrans:uikit:1.30.1-SANDBOX] AndroidManifest.xml:181:9-184:52
245            android:name="com.midtrans.sdk.uikit.views.creditcard.tnc.TermsAndConditionsActivity"
245-->[com.midtrans:uikit:1.30.1-SANDBOX] AndroidManifest.xml:182:13-98
246            android:configChanges="keyboardHidden|orientation|screenSize"
246-->[com.midtrans:uikit:1.30.1-SANDBOX] AndroidManifest.xml:183:13-74
247            android:screenOrientation="portrait" />
247-->[com.midtrans:uikit:1.30.1-SANDBOX] AndroidManifest.xml:184:13-49
248        <activity
248-->[com.midtrans:uikit:1.30.1-SANDBOX] AndroidManifest.xml:185:9-188:52
249            android:name="com.midtrans.sdk.uikit.views.akulaku.AkulakuActivity"
249-->[com.midtrans:uikit:1.30.1-SANDBOX] AndroidManifest.xml:186:13-80
250            android:configChanges="keyboardHidden|orientation|screenSize"
250-->[com.midtrans:uikit:1.30.1-SANDBOX] AndroidManifest.xml:187:13-74
251            android:screenOrientation="portrait" />
251-->[com.midtrans:uikit:1.30.1-SANDBOX] AndroidManifest.xml:188:13-49
252        <activity android:name="com.midtrans.sdk.uikit.views.uob.UobListActivity" />
252-->[com.midtrans:uikit:1.30.1-SANDBOX] AndroidManifest.xml:189:9-85
252-->[com.midtrans:uikit:1.30.1-SANDBOX] AndroidManifest.xml:189:19-82
253        <activity android:name="com.midtrans.sdk.uikit.views.uob.app.UobAppPaymentActivity" />
253-->[com.midtrans:uikit:1.30.1-SANDBOX] AndroidManifest.xml:190:9-95
253-->[com.midtrans:uikit:1.30.1-SANDBOX] AndroidManifest.xml:190:19-92
254        <activity android:name="com.midtrans.sdk.uikit.views.uob.web.UobWebPaymentActivity" />
254-->[com.midtrans:uikit:1.30.1-SANDBOX] AndroidManifest.xml:191:9-95
254-->[com.midtrans:uikit:1.30.1-SANDBOX] AndroidManifest.xml:191:19-92
255
256        <service
256-->[com.midtrans:uikit:1.30.1-SANDBOX] AndroidManifest.xml:193:9-196:52
257            android:name="com.midtrans.raygun.RaygunPostService"
257-->[com.midtrans:uikit:1.30.1-SANDBOX] AndroidManifest.xml:194:13-65
258            android:exported="false"
258-->[com.midtrans:uikit:1.30.1-SANDBOX] AndroidManifest.xml:195:13-37
259            android:process=":raygunpostservice" />
259-->[com.midtrans:uikit:1.30.1-SANDBOX] AndroidManifest.xml:196:13-49
260
261        <uses-library
261-->[androidx.window:window:1.0.0-beta04] AndroidManifest.xml:25:9-27:40
262            android:name="androidx.window.extensions"